#
# There is insufficient memory for the Java Runtime Environment to continue.
# Native memory allocation (mmap) failed to map 257949696 bytes. Error detail: G1 virtual space
# Possible reasons:
#   The system is out of physical RAM or swap space
#   This process is running with CompressedOops enabled, and the Java Heap may be blocking the growth of the native heap
# Possible solutions:
#   Reduce memory load on the system
#   Increase physical memory or swap space
#   Check if swap backing store is full
#   Decrease Java heap size (-Xmx/-Xms)
#   Decrease number of Java threads
#   Decrease Java thread stack sizes (-Xss)
#   Set larger code cache with -XX:ReservedCodeCacheSize=
#   JVM is running with Zero Based Compressed Oops mode in which the Java heap is
#     placed in the first 32GB address space. The Java Heap base address is the
#     maximum limit for the native heap growth. Please use -XX:HeapBaseMinAddress
#     to set the Java Heap base and to place the Java Heap above 32GB virtual address.
# This output file may be truncated or incomplete.
#
#  Out of Memory Error (os_windows.cpp:3613), pid=6412, tid=1544
#
# JRE version:  (17.0.12+7) (build )
# Java VM: OpenJDK 64-Bit Server VM (17.0.12+7, mixed mode, sharing, tiered, compressed oops, compressed class ptrs, g1 gc, windows-amd64)
# No core dump will be written. Minidumps are not enabled by default on client versions of Windows
#

---------------  S U M M A R Y ------------

Command Line: -Dfile.encoding=UTF-8 -XX:+ShowCodeDetailsInExceptionMessages Jeu

Host: AMD Ryzen 5 PRO 5650U with Radeon Graphics     , 12 cores, 15G,  Windows 10 , 64 bit Build 19041 (10.0.19041.4842)
Time: Wed Sep 18 15:21:49 2024 Paris, Madrid (heure duild 19041 (10.0.19041.4842) elapsed time: 0.014893 seconds (0d 0h 0m 0s)

---------------  T H R E A D  ---------------

Current thread (0x000002b3560db7f0):  JavaThread "Unknown thread" [_thread_in_vm, id=1544, stack(0x000000c547c00000,0x000000c547d00000)]

Stack: [0x000000c547c00000,0x000000c547d00000]
Native frames: (J=compiled Java code, j=interpreted, Vv=VM code, C=native code)
V  [jvm.dll+0x67f929]
V  [jvm.dll+0x8371ba]
V  [jvm.dll+0x838c7e]
V  [jvm.dll+0x8392e3]
V  [jvm.dll+0x24834f]
V  [jvm.dll+0x67c6e9]
V  [jvm.dll+0x6711aa]
V  [jvm.dll+0x307f7b]
V  [jvm.dll+0x30f476]
V  [jvm.dll+0x35f63e]
V  [jvm.dll+0x35f87f]
V  [jvm.dll+0x2def9c]
V  [jvm.dll+0x2dfef4]
V  [jvm.dll+0x808a4b]
V  [jvm.dll+0x36d3b1]
V  [jvm.dll+0x7e7425]
V  [jvm.dll+0x3f0edf]
V  [jvm.dll+0x3f2a31]
C  [jli.dll+0x528f]
C  [ucrtbase.dll+0x21bb2]
C  [KERNEL32.DLL+0x17374]
C  [ntdll.dll+0x4cc91]


---------------  P R O C E S S  ---------------

Threads class SMR info:
_java_thread_list=0x00007ff8c54c6f18, length=0, elements={
}

Java Threads: ( => current thread )

Other Threads:
  0x000002b356144910 GCTaskThread "GC Thread#0" [stack: 0x000000c547d00000,0x000000c547e00000] [id=28708]
  0x000002b356155420 ConcurrentGCThread "G1 Main Marker" [stack: 0x000000c547e00000,0x000000c547f00000] [id=28744]
  0x000002b356155d50 ConcurrentGCThread "G1 Conc#0" [stack: 0x000000c547f00000,0x000000c548000000] [id=17292]

[error occurred during error reporting (printing all threads), id 0xc0000005, EXCEPTION_ACCESS_VIOLATION (0xc0000005) at pc=0x00007ff8c4c7f697]

VM state: not at safepoint (not fully initialized)

VM Mutex/Monitor currently owned by a thread:  ([mutex/lock_event])
[0x000002b3560d6950] Heap_lock - owner thread: 0x000002b3560db7f0

Heap address: 0x000000070ae00000, size: 3922 MB, Compressed Oops mode: Zero based, Oop shift amount: 3

CDS archive(s) mapped at: [0x0000000000000000-0x0000000000000000-0x0000000000000000), size 0, SharedBaseAddress: 0x0000000800000000, ArchiveRelocationMode: 1.
Narrow klass base: 0x0000000000000000, Narrow klass shift: 0, Narrow klass range: 0x0

GC Precious Log:
<Empty>

Heap:
 garbage-first heap   total 0K, used 0K [0x000000070ae00000, 0x0000000800000000)
  region size 2048K, 0 young (0K), 0 survivors (0K)

[error occurred during error reporting (printing heap information), id 0xc0000005, EXCEPTION_ACCESS_VIOLATION (0xc0000005) at pc=0x00007ff8c5068bf9]

GC Heap History (0 events):
No events

Dll operation events (1 events):
Event: 0.006 Loaded shared library C:\Users\SahlouneB\.p2\pool\plugins\org.eclipse.justj.openjdk.hotspot.jre.full.win32.x86_64_17.0.12.v20240802-1518\jre\bin\java.dll

Deoptimization events (0 events):
No events

Classes loaded (0 events):
No events

Classes unloaded (0 events):
No events

Classes redefined (0 events):
No events

Internal exceptions (0 events):
No events

VM Operations (0 events):
No events

Events (0 events):
No events


Dynamic libraries:
0x00007ff7fd370000 - 0x00007ff7fd37e000 	C:\Users\SahlouneB\.p2\pool\plugins\org.eclipse.justj.openjdk.hotspot.jre.full.win32.x86_64_17.0.12.v20240802-1518\jre\bin\javaw.exe
0x00007ff959b50000 - 0x00007ff959d48000 	C:\Windows\SYSTEM32\ntdll.dll
0x00007ff958700000 - 0x00007ff9587c1000 	C:\Windows\System32\KERNEL32.DLL
0x00007ff957720000 - 0x00007ff957a1d000 	C:\Windows\System32\KERNELBASE.dll
0x00007ff957a80000 - 0x00007ff957b80000 	C:\Windows\System32\ucrtbase.dll
0x00007ff9182e0000 - 0x00007ff9182f7000 	C:\Users\SahlouneB\.p2\pool\plugins\org.eclipse.justj.openjdk.hotspot.jre.full.win32.x86_64_17.0.12.v20240802-1518\jre\bin\jli.dll
0x00007ff911c10000 - 0x00007ff911c2b000 	C:\Users\SahlouneB\.p2\pool\plugins\org.eclipse.justj.openjdk.hotspot.jre.full.win32.x86_64_17.0.12.v20240802-1518\jre\bin\VCRUNTIME140.dll
0x00007ff958840000 - 0x00007ff9589dd000 	C:\Windows\System32\USER32.dll
0x00007ff957a50000 - 0x00007ff957a72000 	C:\Windows\System32\win32u.dll
0x00007ff939740000 - 0x00007ff9399da000 	C:\Windows\WinSxS\amd64_microsoft.windows.common-controls_6595b64144ccf1df_6.0.19041.4355_none_60b8b9eb71f62e16\COMCTL32.dll
0x00007ff9585a0000 - 0x00007ff9585cb000 	C:\Windows\System32\GDI32.dll
0x00007ff958500000 - 0x00007ff95859e000 	C:\Windows\System32\msvcrt.dll
0x00007ff957570000 - 0x00007ff957687000 	C:\Windows\System32\gdi32full.dll
0x00007ff9573d0000 - 0x00007ff95746d000 	C:\Windows\System32\msvcp_win.dll
0x00007ff959ae0000 - 0x00007ff959b0f000 	C:\Windows\System32\IMM32.DLL
0x00007ff9411a0000 - 0x00007ff9411ac000 	C:\Users\SahlouneB\.p2\pool\plugins\org.eclipse.justj.openjdk.hotspot.jre.full.win32.x86_64_17.0.12.v20240802-1518\jre\bin\vcruntime140_1.dll
0x00007ff8e6d80000 - 0x00007ff8e6e0d000 	C:\Users\SahlouneB\.p2\pool\plugins\org.eclipse.justj.openjdk.hotspot.jre.full.win32.x86_64_17.0.12.v20240802-1518\jre\bin\msvcp140.dll
0x00007ff8c4990000 - 0x00007ff8c55fa000 	C:\Users\SahlouneB\.p2\pool\plugins\org.eclipse.justj.openjdk.hotspot.jre.full.win32.x86_64_17.0.12.v20240802-1518\jre\bin\server\jvm.dll
0x00007ff957b80000 - 0x00007ff957c30000 	C:\Windows\System32\ADVAPI32.dll
0x00007ff957e90000 - 0x00007ff957f30000 	C:\Windows\System32\sechost.dll
0x00007ff959880000 - 0x00007ff9599a3000 	C:\Windows\System32\RPCRT4.dll
0x00007ff957a20000 - 0x00007ff957a47000 	C:\Windows\System32\bcrypt.dll
0x00007ff9587d0000 - 0x00007ff95883b000 	C:\Windows\System32\WS2_32.dll
0x00007ff957060000 - 0x00007ff9570ab000 	C:\Windows\SYSTEM32\POWRPROF.dll
0x00007ff943a10000 - 0x00007ff943a37000 	C:\Windows\SYSTEM32\WINMM.dll
0x00007ff94da30000 - 0x00007ff94da3a000 	C:\Windows\SYSTEM32\VERSION.dll
0x00007ff957040000 - 0x00007ff957052000 	C:\Windows\SYSTEM32\UMPDC.dll
0x00007ff955940000 - 0x00007ff955952000 	C:\Windows\SYSTEM32\kernel.appcore.dll
0x00007ff952520000 - 0x00007ff95252a000 	C:\Users\SahlouneB\.p2\pool\plugins\org.eclipse.justj.openjdk.hotspot.jre.full.win32.x86_64_17.0.12.v20240802-1518\jre\bin\jimage.dll
0x00007ff954e70000 - 0x00007ff955054000 	C:\Windows\SYSTEM32\DBGHELP.DLL
0x00007ff94bc30000 - 0x00007ff94bc64000 	C:\Windows\SYSTEM32\dbgcore.DLL
0x00007ff957690000 - 0x00007ff957712000 	C:\Windows\System32\bcryptPrimitives.dll
0x00007ff920c00000 - 0x00007ff920c25000 	C:\Users\SahlouneB\.p2\pool\plugins\org.eclipse.justj.openjdk.hotspot.jre.full.win32.x86_64_17.0.12.v20240802-1518\jre\bin\java.dll

dbghelp: loaded successfully - version: 4.0.5 - missing functions: none
symbol engine: initialized successfully - sym options: 0x614 - pdb path: .;C:\Users\SahlouneB\.p2\pool\plugins\org.eclipse.justj.openjdk.hotspot.jre.full.win32.x86_64_17.0.12.v20240802-1518\jre\bin;C:\Windows\SYSTEM32;C:\Windows\WinSxS\amd64_microsoft.windows.common-controls_6595b64144ccf1df_6.0.19041.4355_none_60b8b9eb71f62e16;C:\Users\SahlouneB\.p2\pool\plugins\org.eclipse.justj.openjdk.hotspot.jre.full.win32.x86_64_17.0.12.v20240802-1518\jre\bin\server

VM Arguments:
jvm_args: -Dfile.encoding=UTF-8 -XX:+ShowCodeDetailsInExceptionMessages 
java_command: Jeu
java_class_path (initial): C:\Users\SahlouneB\eclipse-workspace\Jeu\bin
Launcher Type: SUN_STANDARD

[Global flags]
     intx CICompilerCount                          = 4                                         {product} {ergonomic}
     uint ConcGCThreads                            = 3                                         {product} {ergonomic}
     uint G1ConcRefinementThreads                  = 10                                        {product} {ergonomic}
   size_t G1HeapRegionSize                         = 2097152                                   {product} {ergonomic}
    uintx GCDrainStackTargetSize                   = 64                                        {product} {ergonomic}
   size_t InitialHeapSize                          = 257949696                                 {product} {ergonomic}
   size_t MarkStackSize                            = 4194304                                   {product} {ergonomic}
   size_t MaxHeapSize                              = 4112515072                                {product} {ergonomic}
   size_t MinHeapDeltaBytes                        = 2097152                                   {product} {ergonomic}
   size_t MinHeapSize                              = 8388608                                   {product} {ergonomic}
    uintx NonNMethodCodeHeapSize                   = 5839372                                {pd product} {ergonomic}
    uintx NonProfiledCodeHeapSize                  = 122909434                              {pd product} {ergonomic}
    uintx ProfiledCodeHeapSize                     = 122909434                              {pd product} {ergonomic}
    uintx ReservedCodeCacheSize                    = 251658240                              {pd product} {ergonomic}
     bool SegmentedCodeCache                       = true                                      {product} {ergonomic}
     bool ShowCodeDetailsInExceptionMessages       = true                                   {manageable} {command line}
   size_t SoftMaxHeapSize                          = 4112515072                             {manageable} {ergonomic}
     bool UseCompressedClassPointers               = true                           {product lp64_product} {ergonomic}
     bool UseCompressedOops                        = true                           {product lp64_product} {ergonomic}
     bool UseG1GC                                  = true                                      {product} {ergonomic}
     bool UseLargePagesIndividualAllocation        = false                                  {pd product} {ergonomic}

Logging:
Log output configuration:
 #0: stdout all=warning uptime,level,tags
 #1: stderr all=off uptime,level,tags

Environment Variables:
PATH=C:/Users/SahlouneB/.p2/pool/plugins/org.eclipse.justj.openjdk.hotspot.jre.full.win32.x86_64_17.0.12.v20240802-1518/jre/bin/server;C:/Users/SahlouneB/.p2/pool/plugins/org.eclipse.justj.openjdk.hotspot.jre.full.win32.x86_64_17.0.12.v20240802-1518/jre/bin;C:\Program Files (x86)\Common Files\Oracle\Java\java8path;C:\Program Files (x86)\Common Files\Oracle\Java\javapath;C:\Windows\system32;C:\Windows;C:\Windows\System32\Wbem;C:\Windows\System32\WindowsPowerShell\v1.0\;C:\Windows\System32\OpenSSH\;C:\Users\SahlouneB\AppData\Local\Microsoft\WindowsApps;C:\Program Files\Java\jdk1.8.0_202;C:\Program Files\Java\jdk1.8.0_202\bin;C:\Users\SahlouneB\AppData\Local\Programs\Git\cmd;C:\Users\SahlouneB\Desktop;
USERNAME=SahlouneB
OS=Windows_NT
PROCESSOR_IDENTIFIER=AMD64 Family 25 Model 80 Stepping 0, AuthenticAMD
TMP=C:\Users\SAHLOU~1\AppData\Local\Temp
TEMP=C:\Users\SAHLOU~1\AppData\Local\Temp



Periodic native trim disabled


---------------  S Y S T E M  ---------------

OS:
 Windows 10 , 64 bit Build 19041 (10.0.19041.4842)
OS uptime: 7 days 2:12 hours

CPU: total 12 (initial active 12) (12 cores per cpu, 2 threads per core) family 25 model 80 stepping 0 microcode 0x0, cx8, cmov, fxsr, ht, mmx, 3dnowpref, sse, sse2, sse3, ssse3, sse4a, sse4.1, sse4.2, popcnt, lzcnt, tsc, tscinvbit, avx, avx2, aes, erms, clmul, bmi1, bmi2, adx, sha, fma, vzeroupper, clflush, clflushopt
Processor Information for all 12 processors :
  Max Mhz: 2301, Current Mhz: 2301, Mhz Limit: 2301

Memory: 4k page, system-wide physical 15681M (7238M free)
TotalPageFile size 46123M (AvailPageFile size 215M)
current process WorkingSet (physical memory assigned to process): 10M, peak: 10M
current process commit charge ("private bytes"): 64M, peak: 310M

vm_info: OpenJDK 64-Bit Server VM (17.0.12+7) for windows-amd64 JRE (17.0.12+7), built on Jul 16 2024 22:08:24 by "admin" with MS VC++ 16.10 / 16.11 (VS2019)

END.
